NOTE: Line generated by the invoked macro "REGRESSIONRANDTEST".
1                                                                                                 opti
1  ! ons notes source;   %passinfo;       sasfile &DataSet load;    proc surveyselect data=&DataSet
                         -
                         180
WARNING: Apparent invocation of macro PASSINFO not resolved.

ERROR 180-322: Statement is not valid or it is used out of proper order.

NOTE: The file MT5763.FITNESS.DATA has been loaded into memory by the SASFILE statement.

NOTE: The sample size, 100, is greater than the number of sampling units, 31.
NOTE: Writing HTML Body file: sashtml.htm
NOTE: The data set WORK.OUTBOOT has 10000 observations and 9 variables.
NOTE: PROCEDURE SURVEYSELECT used (Total process time):
      real time           1.01 seconds
      user cpu time       0.07 seconds
      system cpu time     0.15 seconds
      memory              5462.69k
      OS Memory           19200.00k
      Timestamp           03/11/2018 09:40:23 AM
      Step Count                        2  Switch Count  0
      

NOTE: The file MT5763.FITNESS.DATA has been closed by the SASFILE statement.

NOTE: The data set WORK.OUTALL has 100 observations and 2 variables.
NOTE: PROCEDURE UNIVARIATE used (Total process time):
      real time           0.77 seconds
      user cpu time       0.71 seconds
      system cpu time     0.04 seconds
      memory              1698.82k
      OS Memory           20996.00k
      Timestamp           03/11/2018 09:40:24 AM
      Step Count                        3  Switch Count  0
      


NOTE: Interactivity disabled with BY processing.
NOTE: PROCEDURE REG used (Total process time):
      real time           0.04 seconds
      user cpu time       0.01 seconds
      system cpu time     0.01 seconds
      memory              1376.57k
      OS Memory           22792.00k
      Timestamp           03/11/2018 09:40:24 AM
      Step Count                        4  Switch Count  0
      
NOTE: The data set WORK.BOOTESTIMATES has 100 observations and 8 variables.

NOTE: Writing RTF Body file: output.rtf

NOTE: The data set WORK.FINAL has 1 observations and 2 variables.
NOTE: PROCEDURE UNIVARIATE used (Total process time):
      real time           0.10 seconds
      user cpu time       0.04 seconds
      system cpu time     0.04 seconds
      memory              1819.07k
      OS Memory           25348.00k
      Timestamp           03/11/2018 09:40:24 AM
      Step Count                        5  Switch Count  0
      


NOTE: The data set WORK.REGBOOTCI has 1 observations and 2 variables.
NOTE: PROCEDURE UNIVARIATE used (Total process time):
      real time           0.01 seconds
      user cpu time       0.01 seconds
      system cpu time     0.00 seconds
      memory              578.24k
      OS Memory           25348.00k
      Timestamp           03/11/2018 09:40:24 AM
      Step Count                        6  Switch Count  0
      


NOTE: There were 100 observations read from the data set WORK.BOOTESTIMATES.
NOTE: The data set WORK.RESULTHOLDER has 100 observations and 2 variables.
NOTE: DATA statement used (Total process time):
      real time           0.07 seconds
      user cpu time       0.00 seconds
      system cpu time     0.01 seconds
      memory              973.78k
      OS Memory           26120.00k
      Timestamp           03/11/2018 09:40:24 AM
      Step Count                        7  Switch Count  0
      


NOTE: There were 100 observations read from the data set WORK.RESULTHOLDER.
NOTE: PROCEDURE PRINT used (Total process time):
      real time           0.04 seconds
      user cpu time       0.03 seconds
      system cpu time     0.01 seconds
      memory              673.02k
      OS Memory           26120.00k
      Timestamp           03/11/2018 09:40:24 AM
      Step Count                        8  Switch Count  0
      


NOTE: 11678 bytes written to C:\Users\enoch\AppData\Local\Temp\SAS Temporary 
      Files\_TD1908_LAPTOP-5QDCHMC4_\gchart.png.
NOTE: There were 100 observations read from the data set WORK.BOOTESTIMATES.
NOTE: PROCEDURE GCHART used (Total process time):
      real time           1.81 seconds
      user cpu time       0.26 seconds
      system cpu time     0.45 seconds
      memory              6511.24k
      OS Memory           32732.00k
      Timestamp           03/11/2018 09:40:26 AM
      Step Count                        9  Switch Count  0
      

