NOTE: Line generated by the invoked macro "REGRESSIONRANDTEST".
1     options notes source;   %passinfo;

-                                                                                         

180
WARNING: Apparent invocation of macro PASSINFO not resolved.

ERROR 180-322: Statement is not valid or it is used out of proper order.

ERROR: File WORK.DATASET.DATA does not exist.
ERROR: File WORK.DATASET.DATA does not exist.
NOTE: Line generated by the invoked macro "REGRESSIONRANDTEST".
1       options fullstimer;   options nonotes nosource; proc printto
1  ! log="D:\MyProgram.log"; run; options notes source;   %passinfo;       sasfile DataSet
1  !  load;    proc surveyselect data=DataSet out=outboot      seed=1111
1  ! method=urs       sampasize=
                      ---------
                      1
WARNING 1-322: Assuming the symbol SAMPSIZE was misspelled as sampasize.


NOTE: The SAS System stopped processing this step because of errors.
WARNING: The data set WORK.OUTBOOT may be incomplete.  When this step was stopped there 
         were 0 observations and 0 variables.
NOTE: PROCEDURE SURVEYSELECT used (Total process time):
      real time           0.03 seconds
      user cpu time       0.00 seconds
      system cpu time     0.03 seconds
      memory              171.07k
      OS Memory           13816.00k
      Timestamp           02/11/2018 04:35:09 PM
      Step Count                        2  Switch Count  0
      
ERROR: File WORK.DATASET.DATA is not open.

NOTE: Writing HTML Body file: sashtml.htm
ERROR: Variable RUNTIME not found.
ERROR: Variable REPLICATE not found.

NOTE: The SAS System stopped processing this step because of errors.
WARNING: The data set WORK.OUTALL may be incomplete.  When this step was stopped there 
         were 0 observations and 0 variables.
NOTE: PROCEDURE UNIVARIATE used (Total process time):
      real time           1.54 seconds
      user cpu time       0.10 seconds
      system cpu time     0.10 seconds
      memory              3713.62k
      OS Memory           17144.00k
      Timestamp           02/11/2018 04:35:10 PM
      Step Count                        3  Switch Count  0
      

ERROR: Variable MEANX not found.

NOTE: The SAS System stopped processing this step because of errors.
WARNING: The data set WORK.FINAL may be incomplete.  When this step was stopped there 
         were 0 observations and 0 variables.
NOTE: PROCEDURE UNIVARIATE used (Total process time):
      real time           0.00 seconds
      user cpu time       0.00 seconds
      system cpu time     0.00 seconds
      memory              198.79k
      OS Memory           17912.00k
      Timestamp           02/11/2018 04:35:10 PM
      Step Count                        4  Switch Count  0
      

ERROR: Variable OXYGEN not found.
ERROR: Variable RUNTIME not found.
NOTE: The previous statement has been deleted.
ERROR: Variable REPLICATE not found.

WARNING: RUN statement ignored due to previous errors. Submit QUIT; to terminate the 
         procedure.
NOTE: PROCEDURE REG used (Total process time):
      real time           0.00 seconds
      user cpu time       0.00 seconds
      system cpu time     0.01 seconds
      memory              196.35k
      OS Memory           17912.00k
      Timestamp           02/11/2018 04:35:10 PM
      Step Count                        5  Switch Count  0
      
NOTE: The SAS System stopped processing this step because of errors.
WARNING: The data set WORK.BOOTESTIMATES may be incomplete.  When this step was stopped 
         there were 0 observations and 0 variables.


WARNING: The variable Intercept in the DROP, KEEP, or RENAME list has never been 
         referenced.
WARNING: The variable Runtime in the DROP, KEEP, or RENAME list has never been referenced.
WARNING: The variable Intercept in the DROP, KEEP, or RENAME list has never been 
         referenced.
WARNING: The variable Runtime in the DROP, KEEP, or RENAME list has never been referenced.
NOTE: There were 0 observations read from the data set WORK.BOOTESTIMATES.
NOTE: The data set WORK.RESULTHOLDER has 0 observations and 0 variables.
NOTE: DATA statement used (Total process time):
      real time           0.17 seconds
      user cpu time       0.00 seconds
      system cpu time     0.03 seconds
      memory              1245.18k
      OS Memory           19460.00k
      Timestamp           02/11/2018 04:35:11 PM
      Step Count                        6  Switch Count  0
      

ERROR: Variable RUNTIME not found.

NOTE: The SAS System stopped processing this step because of errors.
WARNING: The data set WORK.REGBOOTCI may be incomplete.  When this step was stopped there 
         were 0 observations and 0 variables.
NOTE: PROCEDURE UNIVARIATE used (Total process time):
      real time           0.00 seconds
      user cpu time       0.00 seconds
      system cpu time     0.00 seconds
      memory              198.79k
      OS Memory           19460.00k
      Timestamp           02/11/2018 04:35:11 PM
      Step Count                        7  Switch Count  0
      

ERROR: Variable RUNTIME not found.
NOTE: The previous statement has been deleted.

NOTE: No variables in data set WORK.BOOTESTIMATES.
NOTE: PROCEDURE GCHART used (Total process time):
      real time           0.17 seconds
      user cpu time       0.00 seconds
      system cpu time     0.06 seconds
      memory              467.39k
      OS Memory           19716.00k
      Timestamp           02/11/2018 04:35:11 PM
      Step Count                        8  Switch Count  0
      

NOTE: Line generated by the invoked macro "REGRESSIONRANDTEST".
1     options notes source;   %passinfo;

-                                                                                         

180
WARNING: Apparent invocation of macro PASSINFO not resolved.

ERROR 180-322: Statement is not valid or it is used out of proper order.

ERROR: File WORK.DATASET.DATA does not exist.
ERROR: File WORK.DATASET.DATA does not exist.
NOTE: Line generated by the invoked macro "REGRESSIONRANDTEST".
1       options fullstimer;   options nonotes nosource; proc printto
1  ! log="D:\MyProgram.log"; run; options notes source;   %passinfo;       sasfile DataSet
1  !  load;    proc surveyselect data=DataSet out=outboot      seed=1111
1  ! method=urs       sampasize=
                      ---------
                      1
WARNING 1-322: Assuming the symbol SAMPSIZE was misspelled as sampasize.


NOTE: The SAS System stopped processing this step because of errors.
WARNING: The data set WORK.OUTBOOT may be incomplete.  When this step was stopped there 
         were 0 observations and 0 variables.
WARNING: Data set WORK.OUTBOOT was not replaced because this step was stopped.
NOTE: PROCEDURE SURVEYSELECT used (Total process time):
      real time           0.00 seconds
      user cpu time       0.00 seconds
      system cpu time     0.00 seconds
      memory              167.88k
      OS Memory           19716.00k
      Timestamp           02/11/2018 04:35:35 PM
      Step Count                        11  Switch Count  0
      
ERROR: File WORK.DATASET.DATA is not open.

ERROR: Variable RUNTIME not found.
ERROR: Variable REPLICATE not found.

NOTE: The SAS System stopped processing this step because of errors.
WARNING: The data set WORK.OUTALL may be incomplete.  When this step was stopped there 
         were 0 observations and 0 variables.
WARNING: Data set WORK.OUTALL was not replaced because this step was stopped.
NOTE: PROCEDURE UNIVARIATE used (Total process time):
      real time           0.01 seconds
      user cpu time       0.01 seconds
      system cpu time     0.00 seconds
      memory              198.79k
      OS Memory           19716.00k
      Timestamp           02/11/2018 04:35:35 PM
      Step Count                        12  Switch Count  0
      

ERROR: Variable MEANX not found.

NOTE: The SAS System stopped processing this step because of errors.
WARNING: The data set WORK.FINAL may be incomplete.  When this step was stopped there 
         were 0 observations and 0 variables.
WARNING: Data set WORK.FINAL was not replaced because this step was stopped.
NOTE: PROCEDURE UNIVARIATE used (Total process time):
      real time           0.00 seconds
      user cpu time       0.00 seconds
      system cpu time     0.00 seconds
      memory              198.79k
      OS Memory           19716.00k
      Timestamp           02/11/2018 04:35:35 PM
      Step Count                        13  Switch Count  0
      

ERROR: Variable OXYGEN not found.
ERROR: Variable RUNTIME not found.
NOTE: The previous statement has been deleted.
ERROR: Variable REPLICATE not found.

WARNING: RUN statement ignored due to previous errors. Submit QUIT; to terminate the 
         procedure.
NOTE: PROCEDURE REG used (Total process time):
      real time           0.00 seconds
      user cpu time       0.00 seconds
      system cpu time     0.00 seconds
      memory              196.35k
      OS Memory           19716.00k
      Timestamp           02/11/2018 04:35:35 PM
      Step Count                        14  Switch Count  0
      
NOTE: The SAS System stopped processing this step because of errors.
WARNING: The data set WORK.BOOTESTIMATES may be incomplete.  When this step was stopped 
         there were 0 observations and 0 variables.
WARNING: Data set WORK.BOOTESTIMATES was not replaced because this step was stopped.


WARNING: The variable Intercept in the DROP, KEEP, or RENAME list has never been 
         referenced.
WARNING: The variable Runtime in the DROP, KEEP, or RENAME list has never been referenced.
WARNING: The variable Intercept in the DROP, KEEP, or RENAME list has never been 
         referenced.
WARNING: The variable Runtime in the DROP, KEEP, or RENAME list has never been referenced.
NOTE: There were 0 observations read from the data set WORK.BOOTESTIMATES.
NOTE: The data set WORK.RESULTHOLDER has 0 observations and 0 variables.
NOTE: DATA statement used (Total process time):
      real time           0.04 seconds
      user cpu time       0.00 seconds
      system cpu time     0.01 seconds
      memory              701.67k
      OS Memory           19972.00k
      Timestamp           02/11/2018 04:35:35 PM
      Step Count                        15  Switch Count  0
      

ERROR: Variable RUNTIME not found.

NOTE: The SAS System stopped processing this step because of errors.
WARNING: The data set WORK.REGBOOTCI may be incomplete.  When this step was stopped there 
         were 0 observations and 0 variables.
WARNING: Data set WORK.REGBOOTCI was not replaced because this step was stopped.
NOTE: PROCEDURE UNIVARIATE used (Total process time):
      real time           0.00 seconds
      user cpu time       0.00 seconds
      system cpu time     0.00 seconds
      memory              198.79k
      OS Memory           19972.00k
      Timestamp           02/11/2018 04:35:35 PM
      Step Count                        16  Switch Count  0
      

ERROR: Variable RUNTIME not found.
NOTE: The previous statement has been deleted.

NOTE: No variables in data set WORK.BOOTESTIMATES.
NOTE: PROCEDURE GCHART used (Total process time):
      real time           0.03 seconds
      user cpu time       0.01 seconds
      system cpu time     0.00 seconds
      memory              321.54k
      OS Memory           19972.00k
      Timestamp           02/11/2018 04:35:35 PM
      Step Count                        17  Switch Count  0
      

NOTE: Line generated by the invoked macro "REGRESSIONRANDTEST".
1     options notes source;   %passinfo;

-                                                                                         

180
WARNING: Apparent invocation of macro PASSINFO not resolved.

ERROR 180-322: Statement is not valid or it is used out of proper order.

ERROR: File WORK.DATASET.DATA does not exist.
ERROR: File WORK.DATASET.DATA does not exist.
NOTE: Line generated by the invoked macro "REGRESSIONRANDTEST".
1       options fullstimer;   options nonotes nosource; proc printto
1  ! log="d:\MyProgram.log"; run; options notes source;   %passinfo;       sasfile DataSet
1  !  load;    proc surveyselect data=DataSet out=outboot      seed=1111
1  ! method=urs       sampasize=
                      ---------
                      1
WARNING 1-322: Assuming the symbol SAMPSIZE was misspelled as sampasize.


NOTE: The SAS System stopped processing this step because of errors.
WARNING: The data set WORK.OUTBOOT may be incomplete.  When this step was stopped there 
         were 0 observations and 0 variables.
WARNING: Data set WORK.OUTBOOT was not replaced because this step was stopped.
NOTE: PROCEDURE SURVEYSELECT used (Total process time):
      real time           0.01 seconds
      user cpu time       0.00 seconds
      system cpu time     0.01 seconds
      memory              167.88k
      OS Memory           19972.00k
      Timestamp           02/11/2018 04:37:27 PM
      Step Count                        20  Switch Count  0
      
ERROR: File WORK.DATASET.DATA is not open.

ERROR: Variable RUNTIME not found.
ERROR: Variable REPLICATE not found.

NOTE: The SAS System stopped processing this step because of errors.
WARNING: The data set WORK.OUTALL may be incomplete.  When this step was stopped there 
         were 0 observations and 0 variables.
WARNING: Data set WORK.OUTALL was not replaced because this step was stopped.
NOTE: PROCEDURE UNIVARIATE used (Total process time):
      real time           0.01 seconds
      user cpu time       0.01 seconds
      system cpu time     0.00 seconds
      memory              198.79k
      OS Memory           19972.00k
      Timestamp           02/11/2018 04:37:27 PM
      Step Count                        21  Switch Count  0
      

ERROR: Variable MEANX not found.

NOTE: The SAS System stopped processing this step because of errors.
WARNING: The data set WORK.FINAL may be incomplete.  When this step was stopped there 
         were 0 observations and 0 variables.
WARNING: Data set WORK.FINAL was not replaced because this step was stopped.
NOTE: PROCEDURE UNIVARIATE used (Total process time):
      real time           0.01 seconds
      user cpu time       0.00 seconds
      system cpu time     0.01 seconds
      memory              199.34k
      OS Memory           19972.00k
      Timestamp           02/11/2018 04:37:27 PM
      Step Count                        22  Switch Count  0
      

ERROR: Variable OXYGEN not found.
ERROR: Variable RUNTIME not found.
NOTE: The previous statement has been deleted.
ERROR: Variable REPLICATE not found.

WARNING: RUN statement ignored due to previous errors. Submit QUIT; to terminate the 
         procedure.
NOTE: PROCEDURE REG used (Total process time):
      real time           0.01 seconds
      user cpu time       0.00 seconds
      system cpu time     0.01 seconds
      memory              196.78k
      OS Memory           19972.00k
      Timestamp           02/11/2018 04:37:27 PM
      Step Count                        23  Switch Count  0
      
NOTE: The SAS System stopped processing this step because of errors.
WARNING: The data set WORK.BOOTESTIMATES may be incomplete.  When this step was stopped 
         there were 0 observations and 0 variables.
WARNING: Data set WORK.BOOTESTIMATES was not replaced because this step was stopped.


WARNING: The variable Intercept in the DROP, KEEP, or RENAME list has never been 
         referenced.
WARNING: The variable Runtime in the DROP, KEEP, or RENAME list has never been referenced.
WARNING: The variable Intercept in the DROP, KEEP, or RENAME list has never been 
         referenced.
WARNING: The variable Runtime in the DROP, KEEP, or RENAME list has never been referenced.
NOTE: There were 0 observations read from the data set WORK.BOOTESTIMATES.
NOTE: The data set WORK.RESULTHOLDER has 0 observations and 0 variables.
NOTE: DATA statement used (Total process time):
      real time           0.04 seconds
      user cpu time       0.00 seconds
      system cpu time     0.04 seconds
      memory              701.67k
      OS Memory           19972.00k
      Timestamp           02/11/2018 04:37:27 PM
      Step Count                        24  Switch Count  0
      

ERROR: Variable RUNTIME not found.

NOTE: The SAS System stopped processing this step because of errors.
WARNING: The data set WORK.REGBOOTCI may be incomplete.  When this step was stopped there 
         were 0 observations and 0 variables.
WARNING: Data set WORK.REGBOOTCI was not replaced because this step was stopped.
NOTE: PROCEDURE UNIVARIATE used (Total process time):
      real time           0.00 seconds
      user cpu time       0.00 seconds
      system cpu time     0.00 seconds
      memory              199.34k
      OS Memory           19972.00k
      Timestamp           02/11/2018 04:37:27 PM
      Step Count                        25  Switch Count  0
      

ERROR: Variable RUNTIME not found.
NOTE: The previous statement has been deleted.

NOTE: No variables in data set WORK.BOOTESTIMATES.
NOTE: PROCEDURE GCHART used (Total process time):
      real time           0.03 seconds
      user cpu time       0.01 seconds
      system cpu time     0.00 seconds
      memory              318.35k
      OS Memory           19972.00k
      Timestamp           02/11/2018 04:37:27 PM
      Step Count                        26  Switch Count  0
      

NOTE: Line generated by the invoked macro "REGRESSIONRANDTEST".
1     options notes source;   %passinfo;

-                                                                                         

180
WARNING: Apparent invocation of macro PASSINFO not resolved.

ERROR 180-322: Statement is not valid or it is used out of proper order.

ERROR: File WORK.DATASET.DATA does not exist.
ERROR: File WORK.DATASET.DATA does not exist.
NOTE: Line generated by the invoked macro "REGRESSIONRANDTEST".
1       options fullstimer;   options nonotes nosource; proc printto
1  ! log="d:\MyProgram.log"; run; options notes source;   %passinfo;       sasfile DataSet
1  !  load;    proc surveyselect data=DataSet out=outboot      seed=1111
1  ! method=urs       sampasize=
                      ---------
                      1
WARNING 1-322: Assuming the symbol SAMPSIZE was misspelled as sampasize.


NOTE: The SAS System stopped processing this step because of errors.
WARNING: The data set WORK.OUTBOOT may be incomplete.  When this step was stopped there 
         were 0 observations and 0 variables.
WARNING: Data set WORK.OUTBOOT was not replaced because this step was stopped.
NOTE: PROCEDURE SURVEYSELECT used (Total process time):
      real time           0.00 seconds
      user cpu time       0.00 seconds
      system cpu time     0.00 seconds
      memory              167.88k
      OS Memory           19972.00k
      Timestamp           02/11/2018 04:39:28 PM
      Step Count                        29  Switch Count  0
      
ERROR: File WORK.DATASET.DATA is not open.

ERROR: Variable RUNTIME not found.
ERROR: Variable REPLICATE not found.

NOTE: The SAS System stopped processing this step because of errors.
WARNING: The data set WORK.OUTALL may be incomplete.  When this step was stopped there 
         were 0 observations and 0 variables.
WARNING: Data set WORK.OUTALL was not replaced because this step was stopped.
NOTE: PROCEDURE UNIVARIATE used (Total process time):
      real time           0.00 seconds
      user cpu time       0.00 seconds
      system cpu time     0.00 seconds
      memory              198.79k
      OS Memory           19972.00k
      Timestamp           02/11/2018 04:39:28 PM
      Step Count                        30  Switch Count  0
      

ERROR: Variable MEANX not found.

NOTE: The SAS System stopped processing this step because of errors.
WARNING: The data set WORK.FINAL may be incomplete.  When this step was stopped there 
         were 0 observations and 0 variables.
WARNING: Data set WORK.FINAL was not replaced because this step was stopped.
NOTE: PROCEDURE UNIVARIATE used (Total process time):
      real time           0.00 seconds
      user cpu time       0.00 seconds
      system cpu time     0.00 seconds
      memory              198.79k
      OS Memory           19972.00k
      Timestamp           02/11/2018 04:39:28 PM
      Step Count                        31  Switch Count  0
      

ERROR: Variable OXYGEN not found.
ERROR: Variable RUNTIME not found.
NOTE: The previous statement has been deleted.
ERROR: Variable REPLICATE not found.

WARNING: RUN statement ignored due to previous errors. Submit QUIT; to terminate the 
         procedure.
NOTE: PROCEDURE REG used (Total process time):
      real time           0.00 seconds
      user cpu time       0.00 seconds
      system cpu time     0.00 seconds
      memory              196.35k
      OS Memory           19972.00k
      Timestamp           02/11/2018 04:39:28 PM
      Step Count                        32  Switch Count  0
      
NOTE: The SAS System stopped processing this step because of errors.
WARNING: The data set WORK.BOOTESTIMATES may be incomplete.  When this step was stopped 
         there were 0 observations and 0 variables.
WARNING: Data set WORK.BOOTESTIMATES was not replaced because this step was stopped.


WARNING: The variable Intercept in the DROP, KEEP, or RENAME list has never been 
         referenced.
WARNING: The variable Runtime in the DROP, KEEP, or RENAME list has never been referenced.
WARNING: The variable Intercept in the DROP, KEEP, or RENAME list has never been 
         referenced.
WARNING: The variable Runtime in the DROP, KEEP, or RENAME list has never been referenced.
NOTE: There were 0 observations read from the data set WORK.BOOTESTIMATES.
NOTE: The data set WORK.RESULTHOLDER has 0 observations and 0 variables.
NOTE: DATA statement used (Total process time):
      real time           0.01 seconds
      user cpu time       0.01 seconds
      system cpu time     0.00 seconds
      memory              701.67k
      OS Memory           19972.00k
      Timestamp           02/11/2018 04:39:28 PM
      Step Count                        33  Switch Count  0
      

ERROR: Variable RUNTIME not found.

NOTE: The SAS System stopped processing this step because of errors.
WARNING: The data set WORK.REGBOOTCI may be incomplete.  When this step was stopped there 
         were 0 observations and 0 variables.
WARNING: Data set WORK.REGBOOTCI was not replaced because this step was stopped.
NOTE: PROCEDURE UNIVARIATE used (Total process time):
      real time           0.00 seconds
      user cpu time       0.00 seconds
      system cpu time     0.01 seconds
      memory              198.79k
      OS Memory           19972.00k
      Timestamp           02/11/2018 04:39:28 PM
      Step Count                        34  Switch Count  0
      

ERROR: Variable RUNTIME not found.
NOTE: The previous statement has been deleted.

NOTE: No variables in data set WORK.BOOTESTIMATES.
NOTE: PROCEDURE GCHART used (Total process time):
      real time           0.03 seconds
      user cpu time       0.00 seconds
      system cpu time     0.01 seconds
      memory              318.13k
      OS Memory           19972.00k
      Timestamp           02/11/2018 04:39:28 PM
      Step Count                        35  Switch Count  0
      

NOTE: Line generated by the invoked macro "REGRESSIONRANDTEST".
1       ods rtf file="output.rtf";    options fullstimer;   options nonotes nosource; proc
1  !  printto log="D:\MyProgram.log"; run; options notes source;   %passinfo;
                                                                   -
                                                                   180
1  ! sasfile DataSet load;    proc surveyselect data =DataSet out=outboot      seed=1111
ERROR 180-322: Statement is not valid or it is used out of proper order.

WARNING: Apparent invocation of macro PASSINFO not resolved.
ERROR: File WORK.DATASET.DATA does not exist.
ERROR: File WORK.DATASET.DATA does not exist.
NOTE: Line generated by the invoked macro "REGRESSIONRANDTEST".
2             method=urs       sampasize= &NoOfLoops         outhits         rep =
                               ---------
                               1
2  ! &NoOfBoots;    run;               sasfile DataSet close;                  ods listing

WARNING 1-322: Assuming the symbol SAMPSIZE was misspelled as sampasize.

NOTE: The SAS System stopped processing this step because of errors.
WARNING: The data set WORK.OUTBOOT may be incomplete.  When this step was stopped there 
         were 0 observations and 0 variables.
NOTE: PROCEDURE SURVEYSELECT used (Total process time):
      real time           0.01 seconds
      user cpu time       0.00 seconds
      system cpu time     0.00 seconds
      memory              168.89k
      OS Memory           15864.00k
      Timestamp           02/11/2018 04:41:45 PM
      Step Count                        2  Switch Count  0
      
ERROR: File WORK.DATASET.DATA is not open.

NOTE: Writing HTML Body file: sashtml.htm
ERROR: Variable RUNTIME not found.
ERROR: Variable REPLICATE not found.

NOTE: The SAS System stopped processing this step because of errors.
WARNING: The data set WORK.OUTALL may be incomplete.  When this step was stopped there 
         were 0 observations and 0 variables.
NOTE: PROCEDURE UNIVARIATE used (Total process time):
      real time           1.38 seconds
      user cpu time       0.03 seconds
      system cpu time     0.06 seconds
      memory              3322.53k
      OS Memory           18936.00k
      Timestamp           02/11/2018 04:41:47 PM
      Step Count                        3  Switch Count  0
      

ERROR: Variable MEANX not found.

NOTE: The SAS System stopped processing this step because of errors.
WARNING: The data set WORK.FINAL may be incomplete.  When this step was stopped there 
         were 0 observations and 0 variables.
NOTE: PROCEDURE UNIVARIATE used (Total process time):
      real time           0.00 seconds
      user cpu time       0.00 seconds
      system cpu time     0.00 seconds
      memory              194.89k
      OS Memory           19448.00k
      Timestamp           02/11/2018 04:41:47 PM
      Step Count                        4  Switch Count  0
      


ERROR: Variable OXYGEN not found.
ERROR: Variable RUNTIME not found.
NOTE: The previous statement has been deleted.
ERROR: Variable REPLICATE not found.

WARNING: RUN statement ignored due to previous errors. Submit QUIT; to terminate the 
         procedure.
NOTE: PROCEDURE REG used (Total process time):
      real time           0.00 seconds
      user cpu time       0.00 seconds
      system cpu time     0.00 seconds
      memory              196.35k
      OS Memory           19448.00k
      Timestamp           02/11/2018 04:41:47 PM
      Step Count                        5  Switch Count  0
      
NOTE: The SAS System stopped processing this step because of errors.
WARNING: The data set WORK.BOOTESTIMATES may be incomplete.  When this step was stopped 
         there were 0 observations and 0 variables.


WARNING: The variable Intercept in the DROP, KEEP, or RENAME list has never been 
         referenced.
WARNING: The variable Runtime in the DROP, KEEP, or RENAME list has never been referenced.
WARNING: The variable Intercept in the DROP, KEEP, or RENAME list has never been 
         referenced.
WARNING: The variable Runtime in the DROP, KEEP, or RENAME list has never been referenced.
NOTE: There were 0 observations read from the data set WORK.BOOTESTIMATES.
NOTE: The data set WORK.RESULTHOLDER has 0 observations and 0 variables.
NOTE: DATA statement used (Total process time):
      real time           0.11 seconds
      user cpu time       0.00 seconds
      system cpu time     0.00 seconds
      memory              1248.02k
      OS Memory           21252.00k
      Timestamp           02/11/2018 04:41:47 PM
      Step Count                        6  Switch Count  0
      

ERROR: Variable RUNTIME not found.

NOTE: The SAS System stopped processing this step because of errors.
WARNING: The data set WORK.REGBOOTCI may be incomplete.  When this step was stopped there 
         were 0 observations and 0 variables.
NOTE: PROCEDURE UNIVARIATE used (Total process time):
      real time           0.00 seconds
      user cpu time       0.00 seconds
      system cpu time     0.00 seconds
      memory              194.89k
      OS Memory           21252.00k
      Timestamp           02/11/2018 04:41:47 PM
      Step Count                        7  Switch Count  0
      

ERROR: Variable RUNTIME not found.
NOTE: The previous statement has been deleted.

NOTE: No variables in data set WORK.BOOTESTIMATES.

NOTE: PROCEDURE GCHART used (Total process time):
      real time           0.21 seconds
      user cpu time       0.01 seconds
      system cpu time     0.00 seconds
      memory              481.17k
      OS Memory           21252.00k
      Timestamp           02/11/2018 04:41:47 PM
      Step Count                        8  Switch Count  0
      


NOTE: Line generated by the invoked macro "REGRESSIONRANDTEST".
1                                                                                                 options notes source;   %passinfo;
                                                                                                                          -
                                                                                                                          180
WARNING: Apparent invocation of macro PASSINFO not resolved.

ERROR 180-322: Statement is not valid or it is used out of proper order.

NOTE: The file MT5763.FITNESS.DATA has been loaded into memory by the SASFILE statement.

NOTE: The sample size, 100, is greater than the number of sampling units, 31.
NOTE: The data set WORK.OUTBOOT has 10000 observations and 9 variables.
NOTE: PROCEDURE SURVEYSELECT used (Total process time):
      real time           0.04 seconds
      user cpu time       0.03 seconds
      system cpu time     0.01 seconds
      memory              252.06k
      OS Memory           29448.00k
      Timestamp           02/11/2018 11:19:39 PM
      Step Count                        835  Switch Count  0
      

NOTE: The file MT5763.FITNESS.DATA has been closed by the SASFILE statement.

NOTE: The data set WORK.OUTALL has 100 observations and 2 variables.
NOTE: PROCEDURE UNIVARIATE used (Total process time):
      real time           0.84 seconds
      user cpu time       0.73 seconds
      system cpu time     0.04 seconds
      memory              795.00k
      OS Memory           29448.00k
      Timestamp           02/11/2018 11:19:39 PM
      Step Count                        836  Switch Count  0
      


NOTE: Interactivity disabled with BY processing.
NOTE: PROCEDURE REG used (Total process time):
      real time           0.03 seconds
      user cpu time       0.00 seconds
      system cpu time     0.03 seconds
      memory              1371.77k
      OS Memory           30732.00k
      Timestamp           02/11/2018 11:19:39 PM
      Step Count                        837  Switch Count  0
      
NOTE: The data set WORK.BOOTESTIMATES has 100 observations and 8 variables.

ERROR: File is in use, D:\Personal files\New Desktop\MT5763_project_2-master\code\output.rtf.
ERROR: Fatal ODS error has occurred. Unable to continue processing this output destination.
WARNING: No body file. RTF output will not be created.

NOTE: The data set WORK.FINAL has 1 observations and 2 variables.
NOTE: PROCEDURE UNIVARIATE used (Total process time):
      real time           0.03 seconds
      user cpu time       0.00 seconds
      system cpu time     0.01 seconds
      memory              542.48k
      OS Memory           29704.00k
      Timestamp           02/11/2018 11:19:40 PM
      Step Count                        838  Switch Count  0
      


NOTE: The data set WORK.REGBOOTCI has 1 observations and 2 variables.
NOTE: PROCEDURE UNIVARIATE used (Total process time):
      real time           0.03 seconds
      user cpu time       0.01 seconds
      system cpu time     0.00 seconds
      memory              566.77k
      OS Memory           29704.00k
      Timestamp           02/11/2018 11:19:40 PM
      Step Count                        839  Switch Count  0
      


NOTE: There were 100 observations read from the data set WORK.BOOTESTIMATES.
NOTE: The data set WORK.RESULTHOLDER has 100 observations and 2 variables.
NOTE: DATA statement used (Total process time):
      real time           0.03 seconds
      user cpu time       0.00 seconds
      system cpu time     0.01 seconds
      memory              705.92k
      OS Memory           29704.00k
      Timestamp           02/11/2018 11:19:40 PM
      Step Count                        840  Switch Count  0
      


NOTE: There were 100 observations read from the data set WORK.RESULTHOLDER.
NOTE: PROCEDURE PRINT used (Total process time):
      real time           0.01 seconds
      user cpu time       0.01 seconds
      system cpu time     0.00 seconds
      memory              251.28k
      OS Memory           29704.00k
      Timestamp           02/11/2018 11:19:40 PM
      Step Count                        841  Switch Count  0
      


NOTE: 11678 bytes written to C:\Users\enoch\AppData\Local\Temp\SAS Temporary Files\_TD7752_LAPTOP-5QDCHMC4_\gchart3.png.
NOTE: There were 100 observations read from the data set WORK.BOOTESTIMATES.
NOTE: PROCEDURE GCHART used (Total process time):
      real time           0.69 seconds
      user cpu time       0.31 seconds
      system cpu time     0.21 seconds
      memory              5828.03k
      OS Memory           32732.00k
      Timestamp           02/11/2018 11:19:40 PM
      Step Count                        842  Switch Count  0
      

